============================= test session starts ==============================
platform linux -- Python 3.13.11, pytest-9.0.0, pluggy-1.6.0 -- /home/vscode/.local/ha-venv/bin/python
cachedir: .pytest_cache
rootdir: /workspaces/kidschores-ha-parent-chores
configfile: pytest.ini (WARNING: ignoring pytest config in pyproject.toml!)
plugins: typeguard-4.4.4, homeassistant-custom-component-0.13.305, respx-0.22.0, github-actions-annotate-failures-0.3.0, unordered-0.7.0, socket-0.7.0, requests-mock-1.12.1, asyncio-1.3.0, aiohttp-1.1.0, pytest_freezer-0.4.9, cov-7.0.0, anyio-4.10.0, picked-0.5.1, syrupy-5.0.0, sugar-1.0.0, xdist-3.8.0, timeout-2.4.0
asyncio: mode=Mode.AUTO, debug=False, asyncio_default_fixture_loop_scope=function, asyncio_default_test_loop_scope=function
collecting ... 